

Date:2021-06-28 23:02:11,108
Thread:[1]
Level:ERROR
Logger:Syncfusion.SyncfusionItemTemplates.SyncfusionItemTemplatesPackage                         [(null)]
Message:System.IndexOutOfRangeException: Index was outside the bounds of the array.
   at System.Array.InternalGetReference(Void* elemRef, Int32 rank, Int32* pIndices)
   at System.Array.GetValue(Int32 index)
   at Syncfusion.SyncfusionItemTemplates.SyncfusionItemTemplatesPackage.SyncfusionMenu_BeforeQueryStatus(Object sender, EventArgs e) in D:\Git\RP\vsext_winforms_templates\Src\SyncfusionItemTemplatesPackage.cs:line 209


Date:2021-06-28 23:02:11,190
Thread:[1]
Level:ERROR
Logger:Syncfusion.SyncfusionItemTemplates.SyncfusionItemTemplatesPackage                         [(null)]
Message:System.IndexOutOfRangeException: Index was outside the bounds of the array.
   at System.Array.InternalGetReference(Void* elemRef, Int32 rank, Int32* pIndices)
   at System.Array.GetValue(Int32 index)
   at Syncfusion.SyncfusionItemTemplates.SyncfusionItemTemplatesPackage.SyncfusionMenu_BeforeQueryStatus(Object sender, EventArgs e) in D:\Git\RP\vsext_winforms_templates\Src\SyncfusionItemTemplatesPackage.cs:line 209


Date:2021-06-28 23:02:11,216
Thread:[1]
Level:ERROR
Logger:Syncfusion.SyncfusionItemTemplates.SyncfusionItemTemplatesPackage                         [(null)]
Message:System.IndexOutOfRangeException: Index was outside the bounds of the array.
   at System.Array.InternalGetReference(Void* elemRef, Int32 rank, Int32* pIndices)
   at System.Array.GetValue(Int32 index)
   at Syncfusion.SyncfusionItemTemplates.SyncfusionItemTemplatesPackage.SyncfusionMenu_BeforeQueryStatus(Object sender, EventArgs e) in D:\Git\RP\vsext_winforms_templates\Src\SyncfusionItemTemplatesPackage.cs:line 209


Date:2021-06-28 23:02:11,228
Thread:[1]
Level:ERROR
Logger:Syncfusion.SyncfusionItemTemplates.SyncfusionItemTemplatesPackage                         [(null)]
Message:System.IndexOutOfRangeException: Index was outside the bounds of the array.
   at System.Array.InternalGetReference(Void* elemRef, Int32 rank, Int32* pIndices)
   at System.Array.GetValue(Int32 index)
   at Syncfusion.SyncfusionItemTemplates.SyncfusionItemTemplatesPackage.SyncfusionMenu_BeforeQueryStatus(Object sender, EventArgs e) in D:\Git\RP\vsext_winforms_templates\Src\SyncfusionItemTemplatesPackage.cs:line 209


Date:2021-06-28 23:02:11,239
Thread:[1]
Level:ERROR
Logger:Syncfusion.SyncfusionItemTemplates.SyncfusionItemTemplatesPackage                         [(null)]
Message:System.IndexOutOfRangeException: Index was outside the bounds of the array.
   at System.Array.InternalGetReference(Void* elemRef, Int32 rank, Int32* pIndices)
   at System.Array.GetValue(Int32 index)
   at Syncfusion.SyncfusionItemTemplates.SyncfusionItemTemplatesPackage.SyncfusionMenu_BeforeQueryStatus(Object sender, EventArgs e) in D:\Git\RP\vsext_winforms_templates\Src\SyncfusionItemTemplatesPackage.cs:line 209


Date:2021-06-28 23:02:11,261
Thread:[1]
Level:ERROR
Logger:Syncfusion.SyncfusionItemTemplates.SyncfusionItemTemplatesPackage                         [(null)]
Message:System.IndexOutOfRangeException: Index was outside the bounds of the array.
   at System.Array.InternalGetReference(Void* elemRef, Int32 rank, Int32* pIndices)
   at System.Array.GetValue(Int32 index)
   at Syncfusion.SyncfusionItemTemplates.SyncfusionItemTemplatesPackage.SyncfusionMenu_BeforeQueryStatus(Object sender, EventArgs e) in D:\Git\RP\vsext_winforms_templates\Src\SyncfusionItemTemplatesPackage.cs:line 209
